<?xml version="1.0" encoding="UTF-8"?>
<!-- Generated by org.testng.reporters.JUnitXMLReporter -->
<testsuite hostname="Balus-MBP" ignored="0" name="Login Feauture testing" tests="6" failures="0" timestamp="2020-05-12T06:56:29 EDT" time="2.874" errors="0">
  <testcase name="RegistrationSuccessful" time="0.276" classname="com.iPivot.RestLearning.RestLearning.RestAPICode"/>
  <testcase name="getWeather" time="0.41" classname="com.iPivot.RestLearning.RestLearning.RestAPICode"/>
  <testcase name="getWeather" time="0.393" classname="com.iPivot.RestLearning.RestLearning.RestAPICode"/>
  <testcase name="getWeather" time="0.461" classname="com.iPivot.RestLearning.RestLearning.RestAPICode"/>
  <testcase name="getWeather" time="0.545" classname="com.iPivot.RestLearning.RestLearning.RestAPICode"/>
  <testcase name="getWeather" time="0.561" classname="com.iPivot.RestLearning.RestLearning.RestAPICode"/>
</testsuite> <!-- Login Feauture testing -->
