<?xml version="1.0" encoding="UTF-8"?>
<testng-results skipped="0" failed="0" ignored="0" total="2" passed="2">
  <reporter-output>
  </reporter-output>
  <suite name="Default suite" duration-ms="22979" started-at="2020-05-13T17:47:43 EDT" finished-at="2020-05-13T17:48:06 EDT">
    <groups>
    </groups>
    <test name="Default test" duration-ms="22979" started-at="2020-05-13T17:47:43 EDT" finished-at="2020-05-13T17:48:06 EDT">
      <class name="com.iPivot.DataDrivenApp.Test.ForgotPassword">
        <test-method status="PASS" signature="launchBrowser()[pri:0, instance:com.iPivot.DataDrivenApp.Test.ForgotPassword@1e965684]" name="launchBrowser" is-config="true" duration-ms="8330" started-at="2020-05-13T17:47:44 EDT" finished-at="2020-05-13T17:47:52 EDT">
          <reporter-output>
          </reporter-output>
        </test-method> <!-- launchBrowser -->
        <test-method status="PASS" signature="forgotPassword(java.lang.String)[pri:0, instance:com.iPivot.DataDrivenApp.Test.ForgotPassword@1e965684]" name="forgotPassword" duration-ms="4581" started-at="2020-05-13T17:47:52 EDT" data-provider="Email" finished-at="2020-05-13T17:47:56 EDT">
          <params>
            <param index="0">
              <value>
                <![CDATA[surya.vijeyakumar@gmail.com]]>
              </value>
            </param>
          </params>
          <reporter-output>
          </reporter-output>
        </test-method> <!-- forgotPassword -->
        <test-method status="PASS" signature="closeBrowser()[pri:0, instance:com.iPivot.DataDrivenApp.Test.ForgotPassword@1e965684]" name="closeBrowser" is-config="true" duration-ms="273" started-at="2020-05-13T17:47:57 EDT" finished-at="2020-05-13T17:47:57 EDT">
          <reporter-output>
          </reporter-output>
        </test-method> <!-- closeBrowser -->
        <test-method status="PASS" signature="launchBrowser()[pri:0, instance:com.iPivot.DataDrivenApp.Test.ForgotPassword@1e965684]" name="launchBrowser" is-config="true" duration-ms="5429" started-at="2020-05-13T17:47:57 EDT" finished-at="2020-05-13T17:48:02 EDT">
          <reporter-output>
          </reporter-output>
        </test-method> <!-- launchBrowser -->
        <test-method status="PASS" signature="forgotPassword(java.lang.String)[pri:0, instance:com.iPivot.DataDrivenApp.Test.ForgotPassword@1e965684]" name="forgotPassword" duration-ms="3967" started-at="2020-05-13T17:48:02 EDT" data-provider="Email" finished-at="2020-05-13T17:48:06 EDT">
          <params>
            <param index="0">
              <value>
                <![CDATA[abcd]]>
              </value>
            </param>
          </params>
          <reporter-output>
          </reporter-output>
        </test-method> <!-- forgotPassword -->
        <test-method status="PASS" signature="closeBrowser()[pri:0, instance:com.iPivot.DataDrivenApp.Test.ForgotPassword@1e965684]" name="closeBrowser" is-config="true" duration-ms="281" started-at="2020-05-13T17:48:06 EDT" finished-at="2020-05-13T17:48:06 EDT">
          <reporter-output>
          </reporter-output>
        </test-method> <!-- closeBrowser -->
      </class> <!-- com.iPivot.DataDrivenApp.Test.ForgotPassword -->
    </test> <!-- Default test -->
  </suite> <!-- Default suite -->
</testng-results>
