<?xml version="1.0" encoding="UTF-8"?>
<testng-results skipped="0" failed="0" ignored="0" total="2" passed="2">
  <reporter-output>
  </reporter-output>
  <suite name="Suite" duration-ms="19784" started-at="2020-05-12T12:49:23 EDT" finished-at="2020-05-12T12:49:43 EDT">
    <groups>
    </groups>
    <test name="Test" duration-ms="19784" started-at="2020-05-12T12:49:23 EDT" finished-at="2020-05-12T12:49:43 EDT">
      <class name="com.iPivot.DataDrivenApp.Test.ForgotPassword">
        <test-method status="PASS" signature="launchBrowser()[pri:0, instance:com.iPivot.DataDrivenApp.Test.ForgotPassword@735b5592]" name="launchBrowser" is-config="true" duration-ms="6026" started-at="2020-05-12T12:49:23 EDT" finished-at="2020-05-12T12:49:29 EDT">
          <reporter-output>
          </reporter-output>
        </test-method> <!-- launchBrowser -->
        <test-method status="PASS" signature="forgotPassword(java.lang.String)[pri:0, instance:com.iPivot.DataDrivenApp.Test.ForgotPassword@735b5592]" name="forgotPassword" duration-ms="3609" started-at="2020-05-12T12:49:29 EDT" data-provider="Email" finished-at="2020-05-12T12:49:32 EDT">
          <params>
            <param index="0">
              <value>
                <![CDATA[surya.vijeyakumar@gmail.com]]>
              </value>
            </param>
          </params>
          <reporter-output>
          </reporter-output>
        </test-method> <!-- forgotPassword -->
        <test-method status="PASS" signature="closeBrowser()[pri:0, instance:com.iPivot.DataDrivenApp.Test.ForgotPassword@735b5592]" name="closeBrowser" is-config="true" duration-ms="130" started-at="2020-05-12T12:49:32 EDT" finished-at="2020-05-12T12:49:33 EDT">
          <reporter-output>
          </reporter-output>
        </test-method> <!-- closeBrowser -->
        <test-method status="PASS" signature="launchBrowser()[pri:0, instance:com.iPivot.DataDrivenApp.Test.ForgotPassword@735b5592]" name="launchBrowser" is-config="true" duration-ms="6507" started-at="2020-05-12T12:49:33 EDT" finished-at="2020-05-12T12:49:39 EDT">
          <reporter-output>
          </reporter-output>
        </test-method> <!-- launchBrowser -->
        <test-method status="PASS" signature="forgotPassword(java.lang.String)[pri:0, instance:com.iPivot.DataDrivenApp.Test.ForgotPassword@735b5592]" name="forgotPassword" duration-ms="3226" started-at="2020-05-12T12:49:39 EDT" data-provider="Email" finished-at="2020-05-12T12:49:42 EDT">
          <params>
            <param index="0">
              <value>
                <![CDATA[abcd]]>
              </value>
            </param>
          </params>
          <reporter-output>
          </reporter-output>
        </test-method> <!-- forgotPassword -->
        <test-method status="PASS" signature="closeBrowser()[pri:0, instance:com.iPivot.DataDrivenApp.Test.ForgotPassword@735b5592]" name="closeBrowser" is-config="true" duration-ms="236" started-at="2020-05-12T12:49:42 EDT" finished-at="2020-05-12T12:49:43 EDT">
          <reporter-output>
          </reporter-output>
        </test-method> <!-- closeBrowser -->
      </class> <!-- com.iPivot.DataDrivenApp.Test.ForgotPassword -->
    </test> <!-- Test -->
  </suite> <!-- Suite -->
</testng-results>
